11/23/2023 12:36:43 PM
GlazeWM.Infrastructure.Exceptions.FatalUserException: Failed to parse user config. Invalid value at property: '$.window_rules'.
   at GlazeWM.Domain.UserConfigs.CommandHandlers.EvaluateUserConfigHandler.DeserializeUserConfig(String userConfigPath) in C:\Users\larsb\repos\GlazeWM\GlazeWM.Domain\UserConfigs\CommandHandlers\EvaluateUserConfigHandler.cs:line 109
   at GlazeWM.Domain.UserConfigs.CommandHandlers.EvaluateUserConfigHandler.Handle(EvaluateUserConfigCommand command) in C:\Users\larsb\repos\GlazeWM\GlazeWM.Domain\UserConfigs\CommandHandlers\EvaluateUserConfigHandler.cs:line 49
   at GlazeWM.Infrastructure.Bussing.Bus.Invoke[T](T command) in C:\Users\larsb\repos\GlazeWM\GlazeWM.Infrastructure\Bussing\Bus.cs:line 48
   at GlazeWM.Domain.UserConfigs.CommandHandlers.ReloadUserConfigHandler.Handle(ReloadUserConfigCommand command) in C:\Users\larsb\repos\GlazeWM\GlazeWM.Domain\UserConfigs\CommandHandlers\ReloadUserConfigHandler.cs:line 35
   at GlazeWM.Infrastructure.Bussing.Bus.Invoke[T](T command) in C:\Users\larsb\repos\GlazeWM\GlazeWM.Infrastructure\Bussing\Bus.cs:line 48
   at CallSite.Target(Closure, CallSite, Bus, Object)
   at System.Dynamic.UpdateDelegates.UpdateAndExecuteVoid2[T0,T1](CallSite site, T0 arg0, T1 arg1)
   at GlazeWM.Domain.UserConfigs.CommandHandlers.RunWithSubjectContainerHandler.Handle(RunWithSubjectContainerCommand command) in C:\Users\larsb\repos\GlazeWM\GlazeWM.Domain\UserConfigs\CommandHandlers\RunWithSubjectContainerHandler.cs:line 28
   at GlazeWM.Infrastructure.Bussing.Bus.Invoke[T](T command) in C:\Users\larsb\repos\GlazeWM\GlazeWM.Infrastructure\Bussing\Bus.cs:line 48
   at GlazeWM.Domain.UserConfigs.CommandHandlers.RegisterKeybindingsHandler.<>c__DisplayClass4_0.<Handle>b__1() in C:\Users\larsb\repos\GlazeWM\GlazeWM.Domain\UserConfigs\CommandHandlers\RegisterKeybindingsHandler.cs:line 63
Command history: HandleFatalExceptionCommand, EvaluateUserConfigCommand, ReloadUserConfigCommand, RunWithSubjectContainerCommand, SetActiveWindowBorderCommand, SyncNativeFocusCommand, RedrawContainersCommand, SetFocusedDescendantCommand, FocusWorkspaceCommand, RunWithSubjectContainerCommand, SetActiveWindowBorderCommand, SyncNativeFocusCommand, RedrawContainersCommand, SetFocusedDescendantCommand, FocusWorkspaceCommand 
State dump: {"id":"9769f472-c6c2-444f-91b4-2fcbc978db6b","x":0,"y":0,"width":0,"height":0,"type":"root","focus_index":0,"children":[{"device_name":"\\\\.\\DISPLAY1","id":"d99785f3-c5be-4965-8e4f-df7f9a6e9be1","x":0,"y":0,"width":1920,"height":1080,"type":"monitor","focus_index":0,"children":[{"tiling_direction":"horizontal","size_percentage":1,"name":"1","id":"1045e020-bdc0-4283-ac1a-6cfff5c93fde","x":8,"y":38,"width":1904,"height":1034,"type":"workspace","focus_index":0,"children":[{"floating_placement":{"left":8,"top":38,"right":1912,"bottom":1072,"x":8,"y":38,"width":1904,"height":1034},"border_delta":{"left":7,"top":0,"right":7,"bottom":7},"handle":263468,"size_percentage":1,"id":"2e053bed-a667-4d0e-8c36-c4f427721a46","x":8,"y":38,"width":1904,"height":1034,"type":"window","focus_index":0,"children":[]}]},{"tiling_direction":"horizontal","size_percentage":1,"name":"4","id":"54a4db71-92e5-48f6-b094-d8b3a1bb5c59","x":8,"y":38,"width":1904,"height":1034,"type":"workspace","focus_index":2,"children":[{"floating_placement":{"left":8,"top":38,"right":1912,"bottom":1072,"x":8,"y":38,"width":1904,"height":1034},"border_delta":{"left":7,"top":0,"right":7,"bottom":7},"handle":197680,"size_percentage":1,"id":"76b54276-bb6a-4826-844b-29ea6aaab90b","x":8,"y":38,"width":1904,"height":1034,"type":"window","focus_index":0,"children":[]}]},{"tiling_direction":"horizontal","size_percentage":1,"name":"2","id":"50e87b9c-d535-4d48-8de7-5f9e590a3b11","x":8,"y":38,"width":1904,"height":1034,"type":"workspace","focus_index":1,"children":[{"floating_placement":{"left":8,"top":38,"right":1912,"bottom":1072,"x":8,"y":38,"width":1904,"height":1034},"border_delta":{"left":7,"top":0,"right":7,"bottom":7},"handle":132480,"size_percentage":1,"id":"fead59c9-7fbf-42cc-99d7-b6d8e77bb25c","x":8,"y":38,"width":1904,"height":1034,"type":"window","focus_index":0,"children":[]}]}]}]}

11/23/2023 12:37:34 PM
GlazeWM.Infrastructure.Exceptions.FatalUserException: Failed to parse user config. Invalid value at property: '$.window_rules'.
   at GlazeWM.Domain.UserConfigs.CommandHandlers.EvaluateUserConfigHandler.DeserializeUserConfig(String userConfigPath) in C:\Users\larsb\repos\GlazeWM\GlazeWM.Domain\UserConfigs\CommandHandlers\EvaluateUserConfigHandler.cs:line 109
   at GlazeWM.Domain.UserConfigs.CommandHandlers.EvaluateUserConfigHandler.Handle(EvaluateUserConfigCommand command) in C:\Users\larsb\repos\GlazeWM\GlazeWM.Domain\UserConfigs\CommandHandlers\EvaluateUserConfigHandler.cs:line 49
   at GlazeWM.Infrastructure.Bussing.Bus.Invoke[T](T command) in C:\Users\larsb\repos\GlazeWM\GlazeWM.Infrastructure\Bussing\Bus.cs:line 41
   at GlazeWM.Domain.Common.CommandHandlers.PopulateInitialStateHandler.Handle(PopulateInitialStateCommand command) in C:\Users\larsb\repos\GlazeWM\GlazeWM.Domain\Common\CommandHandlers\PopulateInitialStateHandler.cs:line 41
   at GlazeWM.Infrastructure.Bussing.Bus.Invoke[T](T command) in C:\Users\larsb\repos\GlazeWM\GlazeWM.Infrastructure\Bussing\Bus.cs:line 41
   at GlazeWM.App.WindowManager.WmStartup.Run()
Command history: HandleFatalExceptionCommand, EvaluateUserConfigCommand, PopulateInitialStateCommand 
State dump: {"id":"54097ade-09da-4120-84d5-966e7a21b317","x":0,"y":0,"width":0,"height":0,"type":"root","focus_index":0,"children":[]}

11/23/2023 12:38:03 PM
GlazeWM.Infrastructure.Exceptions.FatalUserException: Failed to parse user config. Invalid value at property: '$.window_rules'.
   at GlazeWM.Domain.UserConfigs.CommandHandlers.EvaluateUserConfigHandler.DeserializeUserConfig(String userConfigPath) in C:\Users\larsb\repos\GlazeWM\GlazeWM.Domain\UserConfigs\CommandHandlers\EvaluateUserConfigHandler.cs:line 109
   at GlazeWM.Domain.UserConfigs.CommandHandlers.EvaluateUserConfigHandler.Handle(EvaluateUserConfigCommand command) in C:\Users\larsb\repos\GlazeWM\GlazeWM.Domain\UserConfigs\CommandHandlers\EvaluateUserConfigHandler.cs:line 49
   at GlazeWM.Infrastructure.Bussing.Bus.Invoke[T](T command) in C:\Users\larsb\repos\GlazeWM\GlazeWM.Infrastructure\Bussing\Bus.cs:line 41
   at GlazeWM.Domain.Common.CommandHandlers.PopulateInitialStateHandler.Handle(PopulateInitialStateCommand command) in C:\Users\larsb\repos\GlazeWM\GlazeWM.Domain\Common\CommandHandlers\PopulateInitialStateHandler.cs:line 41
   at GlazeWM.Infrastructure.Bussing.Bus.Invoke[T](T command) in C:\Users\larsb\repos\GlazeWM\GlazeWM.Infrastructure\Bussing\Bus.cs:line 41
   at GlazeWM.App.WindowManager.WmStartup.Run()
Command history: HandleFatalExceptionCommand, EvaluateUserConfigCommand, PopulateInitialStateCommand 
State dump: {"id":"11d2fb4a-62cc-4131-9cb7-2958fe494fdc","x":0,"y":0,"width":0,"height":0,"type":"root","focus_index":0,"children":[]}

11/23/2023 12:38:17 PM
GlazeWM.Infrastructure.Exceptions.FatalUserException: Failed to parse user config. Invalid value at property: '$.window_rules'.
   at GlazeWM.Domain.UserConfigs.CommandHandlers.EvaluateUserConfigHandler.DeserializeUserConfig(String userConfigPath) in C:\Users\larsb\repos\GlazeWM\GlazeWM.Domain\UserConfigs\CommandHandlers\EvaluateUserConfigHandler.cs:line 109
   at GlazeWM.Domain.UserConfigs.CommandHandlers.EvaluateUserConfigHandler.Handle(EvaluateUserConfigCommand command) in C:\Users\larsb\repos\GlazeWM\GlazeWM.Domain\UserConfigs\CommandHandlers\EvaluateUserConfigHandler.cs:line 49
   at GlazeWM.Infrastructure.Bussing.Bus.Invoke[T](T command) in C:\Users\larsb\repos\GlazeWM\GlazeWM.Infrastructure\Bussing\Bus.cs:line 41
   at GlazeWM.Domain.Common.CommandHandlers.PopulateInitialStateHandler.Handle(PopulateInitialStateCommand command) in C:\Users\larsb\repos\GlazeWM\GlazeWM.Domain\Common\CommandHandlers\PopulateInitialStateHandler.cs:line 41
   at GlazeWM.Infrastructure.Bussing.Bus.Invoke[T](T command) in C:\Users\larsb\repos\GlazeWM\GlazeWM.Infrastructure\Bussing\Bus.cs:line 41
   at GlazeWM.App.WindowManager.WmStartup.Run()
Command history: HandleFatalExceptionCommand, EvaluateUserConfigCommand, PopulateInitialStateCommand 
State dump: {"id":"d7106457-4827-4453-bb27-bfd50cd41889","x":0,"y":0,"width":0,"height":0,"type":"root","focus_index":0,"children":[]}

11/23/2023 12:39:14 PM
GlazeWM.Infrastructure.Exceptions.FatalUserException: Failed to parse user config. Invalid value at property: '$.window_rules'.
   at GlazeWM.Domain.UserConfigs.CommandHandlers.EvaluateUserConfigHandler.DeserializeUserConfig(String userConfigPath) in C:\Users\larsb\repos\GlazeWM\GlazeWM.Domain\UserConfigs\CommandHandlers\EvaluateUserConfigHandler.cs:line 109
   at GlazeWM.Domain.UserConfigs.CommandHandlers.EvaluateUserConfigHandler.Handle(EvaluateUserConfigCommand command) in C:\Users\larsb\repos\GlazeWM\GlazeWM.Domain\UserConfigs\CommandHandlers\EvaluateUserConfigHandler.cs:line 49
   at GlazeWM.Infrastructure.Bussing.Bus.Invoke[T](T command) in C:\Users\larsb\repos\GlazeWM\GlazeWM.Infrastructure\Bussing\Bus.cs:line 41
   at GlazeWM.Domain.Common.CommandHandlers.PopulateInitialStateHandler.Handle(PopulateInitialStateCommand command) in C:\Users\larsb\repos\GlazeWM\GlazeWM.Domain\Common\CommandHandlers\PopulateInitialStateHandler.cs:line 41
   at GlazeWM.Infrastructure.Bussing.Bus.Invoke[T](T command) in C:\Users\larsb\repos\GlazeWM\GlazeWM.Infrastructure\Bussing\Bus.cs:line 41
   at GlazeWM.App.WindowManager.WmStartup.Run()
Command history: HandleFatalExceptionCommand, EvaluateUserConfigCommand, PopulateInitialStateCommand 
State dump: {"id":"9aefb6cf-fa86-4694-adb2-7f25ccbe66de","x":0,"y":0,"width":0,"height":0,"type":"root","focus_index":0,"children":[]}

11/23/2023 12:41:36 PM
GlazeWM.Infrastructure.Exceptions.FatalUserException: Failed to parse user config. (Line: 95, Col: 5, Idx: 2680) - (Line: 95, Col: 6, Idx: 2681): While parsing a block mapping, did not find expected key.
   at GlazeWM.Domain.UserConfigs.CommandHandlers.EvaluateUserConfigHandler.DeserializeUserConfig(String userConfigPath) in C:\Users\larsb\repos\GlazeWM\GlazeWM.Domain\UserConfigs\CommandHandlers\EvaluateUserConfigHandler.cs:line 109
   at GlazeWM.Domain.UserConfigs.CommandHandlers.EvaluateUserConfigHandler.Handle(EvaluateUserConfigCommand command) in C:\Users\larsb\repos\GlazeWM\GlazeWM.Domain\UserConfigs\CommandHandlers\EvaluateUserConfigHandler.cs:line 49
   at GlazeWM.Infrastructure.Bussing.Bus.Invoke[T](T command) in C:\Users\larsb\repos\GlazeWM\GlazeWM.Infrastructure\Bussing\Bus.cs:line 48
   at GlazeWM.Domain.UserConfigs.CommandHandlers.ReloadUserConfigHandler.Handle(ReloadUserConfigCommand command) in C:\Users\larsb\repos\GlazeWM\GlazeWM.Domain\UserConfigs\CommandHandlers\ReloadUserConfigHandler.cs:line 35
   at GlazeWM.Infrastructure.Bussing.Bus.Invoke[T](T command) in C:\Users\larsb\repos\GlazeWM\GlazeWM.Infrastructure\Bussing\Bus.cs:line 48
   at CallSite.Target(Closure, CallSite, Bus, Object)
   at GlazeWM.Domain.UserConfigs.CommandHandlers.RunWithSubjectContainerHandler.Handle(RunWithSubjectContainerCommand command) in C:\Users\larsb\repos\GlazeWM\GlazeWM.Domain\UserConfigs\CommandHandlers\RunWithSubjectContainerHandler.cs:line 53
   at GlazeWM.Infrastructure.Bussing.Bus.Invoke[T](T command) in C:\Users\larsb\repos\GlazeWM\GlazeWM.Infrastructure\Bussing\Bus.cs:line 48
   at GlazeWM.Domain.UserConfigs.CommandHandlers.RegisterKeybindingsHandler.<>c__DisplayClass4_0.<Handle>b__1() in C:\Users\larsb\repos\GlazeWM\GlazeWM.Domain\UserConfigs\CommandHandlers\RegisterKeybindingsHandler.cs:line 55
Command history: HandleFatalExceptionCommand, EvaluateUserConfigCommand, ReloadUserConfigCommand, RunWithSubjectContainerCommand, SetActiveWindowBorderCommand, SetFocusedDescendantCommand, SetActiveWindowBorderCommand, SetFocusedDescendantCommand, SyncNativeFocusCommand, RedrawContainersCommand, RunWithSubjectContainerCommand, RunWithSubjectContainerCommand, RunWithSubjectContainerCommand, UpdateWorkspacesFromConfigCommand, RegisterKeybindingsCommand 
State dump: {"id":"9dd59b3a-a4cb-49f8-a5cd-a6e44bd61398","x":0,"y":0,"width":0,"height":0,"type":"root","focus_index":0,"children":[{"device_name":"\\\\.\\DISPLAY1","id":"dc5d2c48-1d72-4db1-8d15-f25dde134a4b","x":0,"y":0,"width":1920,"height":1080,"type":"monitor","focus_index":0,"children":[{"tiling_direction":"horizontal","size_percentage":1,"name":"1","id":"9a2d3b6b-142f-47bd-8ae7-687d640425af","x":8,"y":38,"width":1904,"height":1034,"type":"workspace","focus_index":0,"children":[{"floating_placement":{"left":8,"top":38,"right":1912,"bottom":1072,"x":8,"y":38,"width":1904,"height":1034},"border_delta":{"left":7,"top":0,"right":7,"bottom":7},"handle":132480,"size_percentage":0.5,"id":"a23b182c-1614-43ba-b6a5-2871c315e4e6","x":8,"y":38,"width":948,"height":1034,"type":"window","focus_index":1,"children":[]},{"floating_placement":{"left":8,"top":38,"right":1912,"bottom":1072,"x":8,"y":38,"width":1904,"height":1034},"border_delta":{"left":7,"top":0,"right":7,"bottom":7},"handle":263468,"size_percentage":0.5,"id":"b658deae-6d1a-47dc-8248-044989618d56","x":964,"y":38,"width":948,"height":1034,"type":"window","focus_index":0,"children":[]}]},{"tiling_direction":"horizontal","size_percentage":1,"name":"4","id":"27f2a32c-61fa-4ad3-bfac-40867fda5408","x":8,"y":38,"width":1904,"height":1034,"type":"workspace","focus_index":1,"children":[{"floating_placement":{"left":8,"top":38,"right":1912,"bottom":1072,"x":8,"y":38,"width":1904,"height":1034},"border_delta":{"left":7,"top":0,"right":7,"bottom":7},"handle":197680,"size_percentage":1,"id":"c0bc866d-3e9f-4e7a-8883-707b71fbfe81","x":8,"y":38,"width":1904,"height":1034,"type":"window","focus_index":0,"children":[]}]}]}]}

11/23/2023 2:06:17 PM
GlazeWM.Infrastructure.Exceptions.FatalUserException: Failed to parse user config. Invalid value at property: '$.window_rules[2].command'.
   at GlazeWM.Domain.UserConfigs.CommandHandlers.EvaluateUserConfigHandler.DeserializeUserConfig(String userConfigPath) in C:\Users\larsb\repos\GlazeWM\GlazeWM.Domain\UserConfigs\CommandHandlers\EvaluateUserConfigHandler.cs:line 109
   at GlazeWM.Domain.UserConfigs.CommandHandlers.EvaluateUserConfigHandler.Handle(EvaluateUserConfigCommand command) in C:\Users\larsb\repos\GlazeWM\GlazeWM.Domain\UserConfigs\CommandHandlers\EvaluateUserConfigHandler.cs:line 49
   at GlazeWM.Infrastructure.Bussing.Bus.Invoke[T](T command) in C:\Users\larsb\repos\GlazeWM\GlazeWM.Infrastructure\Bussing\Bus.cs:line 48
   at GlazeWM.Domain.UserConfigs.CommandHandlers.ReloadUserConfigHandler.Handle(ReloadUserConfigCommand command) in C:\Users\larsb\repos\GlazeWM\GlazeWM.Domain\UserConfigs\CommandHandlers\ReloadUserConfigHandler.cs:line 35
   at GlazeWM.Infrastructure.Bussing.Bus.Invoke[T](T command) in C:\Users\larsb\repos\GlazeWM\GlazeWM.Infrastructure\Bussing\Bus.cs:line 48
   at CallSite.Target(Closure, CallSite, Bus, Object)
   at System.Dynamic.UpdateDelegates.UpdateAndExecuteVoid2[T0,T1](CallSite site, T0 arg0, T1 arg1)
   at GlazeWM.Domain.UserConfigs.CommandHandlers.RunWithSubjectContainerHandler.Handle(RunWithSubjectContainerCommand command) in C:\Users\larsb\repos\GlazeWM\GlazeWM.Domain\UserConfigs\CommandHandlers\RunWithSubjectContainerHandler.cs:line 28
   at GlazeWM.Infrastructure.Bussing.Bus.Invoke[T](T command) in C:\Users\larsb\repos\GlazeWM\GlazeWM.Infrastructure\Bussing\Bus.cs:line 48
   at GlazeWM.Domain.UserConfigs.CommandHandlers.RegisterKeybindingsHandler.<>c__DisplayClass4_0.<Handle>b__1() in C:\Users\larsb\repos\GlazeWM\GlazeWM.Domain\UserConfigs\CommandHandlers\RegisterKeybindingsHandler.cs:line 63
Command history: HandleFatalExceptionCommand, EvaluateUserConfigCommand, ReloadUserConfigCommand, RunWithSubjectContainerCommand, SetActiveWindowBorderCommand, SyncNativeFocusCommand, RedrawContainersCommand, DetachContainerCommand, DeactivateWorkspaceCommand, SetFocusedDescendantCommand, FocusWorkspaceCommand, RunWithSubjectContainerCommand, SetActiveWindowBorderCommand, SyncNativeFocusCommand, RedrawContainersCommand 
State dump: {"id":"8584516d-fc85-48a0-8fb7-93efd33119d7","x":0,"y":0,"width":0,"height":0,"type":"root","focus_index":0,"children":[{"device_name":"\\\\.\\DISPLAY1","id":"9c0a1a6d-b03b-4015-b27a-ab526849fe8f","x":0,"y":0,"width":1920,"height":1080,"type":"monitor","focus_index":0,"children":[{"tiling_direction":"horizontal","size_percentage":1,"name":"1","id":"f2c61b27-ebc5-4d23-83cb-60cdd8beead1","x":8,"y":38,"width":1904,"height":1034,"type":"workspace","focus_index":0,"children":[{"floating_placement":{"left":608,"top":335,"right":1313,"bottom":775,"x":608,"y":335,"width":705,"height":440},"border_delta":{"left":7,"top":0,"right":7,"bottom":7},"handle":66590,"id":"87f35f48-3c88-4068-ac07-1424c465674a","x":608,"y":335,"width":705,"height":440,"type":"window","focus_index":1,"children":[]},{"floating_placement":{"left":-8,"top":7,"right":1928,"bottom":1103,"x":-8,"y":7,"width":1936,"height":1096},"border_delta":{"left":7,"top":0,"right":7,"bottom":7},"handle":197108,"size_percentage":1,"id":"eed30b3f-e01d-4409-8f4e-53952aa221b6","x":8,"y":38,"width":1904,"height":1034,"type":"window","focus_index":0,"children":[]}]},{"tiling_direction":"horizontal","size_percentage":1,"name":"9","id":"85820c90-988e-490c-a33d-34ea3bd4cba4","x":8,"y":38,"width":1904,"height":1034,"type":"workspace","focus_index":2,"children":[{"floating_placement":{"left":-8,"top":7,"right":1928,"bottom":1103,"x":-8,"y":7,"width":1936,"height":1096},"border_delta":{"left":7,"top":0,"right":7,"bottom":7},"handle":131812,"size_percentage":1,"id":"f9614531-1546-4e28-9786-0d92d8ad22bf","x":8,"y":38,"width":1904,"height":1034,"type":"window","focus_index":0,"children":[]}]},{"tiling_direction":"horizontal","size_percentage":1,"name":"2","id":"368172cc-4af8-4fd2-b4ed-9b90353e4d7f","x":8,"y":38,"width":1904,"height":1034,"type":"workspace","focus_index":1,"children":[{"floating_placement":{"left":15,"top":35,"right":1906,"bottom":1076,"x":15,"y":35,"width":1891,"height":1041},"border_delta":{"left":7,"top":0,"right":7,"bottom":7},"handle":196658,"size_percentage":1,"id":"40b943f0-b19f-4c12-8b0c-e8e61e0ddcb2","x":8,"y":38,"width":1904,"height":1034,"type":"window","focus_index":0,"children":[]}]}]}]}

11/23/2023 2:20:30 PM
GlazeWM.Infrastructure.Exceptions.FatalUserException: Failed to parse user config. At least 1 matching regex (eg. 'match_process_name') is required in window rule config.
   at GlazeWM.Domain.UserConfigs.CommandHandlers.EvaluateUserConfigHandler.ValidateDeserializedConfig(UserConfig deserializedConfig) in C:\Users\larsb\repos\GlazeWM\GlazeWM.Domain\UserConfigs\CommandHandlers\EvaluateUserConfigHandler.cs:line 209
   at GlazeWM.Domain.UserConfigs.CommandHandlers.EvaluateUserConfigHandler.Handle(EvaluateUserConfigCommand command) in C:\Users\larsb\repos\GlazeWM\GlazeWM.Domain\UserConfigs\CommandHandlers\EvaluateUserConfigHandler.cs:line 58
   at GlazeWM.Infrastructure.Bussing.Bus.Invoke[T](T command) in C:\Users\larsb\repos\GlazeWM\GlazeWM.Infrastructure\Bussing\Bus.cs:line 48
   at GlazeWM.Domain.UserConfigs.CommandHandlers.ReloadUserConfigHandler.Handle(ReloadUserConfigCommand command) in C:\Users\larsb\repos\GlazeWM\GlazeWM.Domain\UserConfigs\CommandHandlers\ReloadUserConfigHandler.cs:line 35
   at GlazeWM.Infrastructure.Bussing.Bus.Invoke[T](T command) in C:\Users\larsb\repos\GlazeWM\GlazeWM.Infrastructure\Bussing\Bus.cs:line 48
   at CallSite.Target(Closure, CallSite, Bus, Object)
   at System.Dynamic.UpdateDelegates.UpdateAndExecuteVoid2[T0,T1](CallSite site, T0 arg0, T1 arg1)
   at GlazeWM.Domain.UserConfigs.CommandHandlers.RunWithSubjectContainerHandler.Handle(RunWithSubjectContainerCommand command) in C:\Users\larsb\repos\GlazeWM\GlazeWM.Domain\UserConfigs\CommandHandlers\RunWithSubjectContainerHandler.cs:line 28
   at GlazeWM.Infrastructure.Bussing.Bus.Invoke[T](T command) in C:\Users\larsb\repos\GlazeWM\GlazeWM.Infrastructure\Bussing\Bus.cs:line 48
   at GlazeWM.Domain.UserConfigs.CommandHandlers.RegisterKeybindingsHandler.<>c__DisplayClass4_0.<Handle>b__1() in C:\Users\larsb\repos\GlazeWM\GlazeWM.Domain\UserConfigs\CommandHandlers\RegisterKeybindingsHandler.cs:line 63
Command history: HandleFatalExceptionCommand, EvaluateUserConfigCommand, ReloadUserConfigCommand, RunWithSubjectContainerCommand, SetActiveWindowBorderCommand, SyncNativeFocusCommand, RedrawContainersCommand, SetFocusedDescendantCommand, DetachContainerCommand, DetachAndResizeContainerCommand, UnmanageWindowCommand, SyncNativeFocusCommand, RedrawContainersCommand, CloseWindowCommand, RunWithSubjectContainerCommand 
State dump: {"id":"6b67357b-a852-48d5-8303-42314d20e108","x":0,"y":0,"width":0,"height":0,"type":"root","focus_index":0,"children":[{"device_name":"\\\\.\\DISPLAY1","id":"614f86c0-fa3f-4808-9521-7c4c79d9444e","x":0,"y":0,"width":1920,"height":1080,"type":"monitor","focus_index":0,"children":[{"tiling_direction":"horizontal","size_percentage":1,"name":"1","id":"29c77ae8-2c7c-45f5-8de1-1f062e98a745","x":8,"y":38,"width":1904,"height":1034,"type":"workspace","focus_index":0,"children":[{"floating_placement":{"left":8,"top":38,"right":1912,"bottom":1072,"x":8,"y":38,"width":1904,"height":1034},"border_delta":{"left":7,"top":0,"right":7,"bottom":7},"handle":197108,"size_percentage":1,"id":"1efc30a8-22de-4fba-b8eb-707bfda582d3","x":8,"y":38,"width":1904,"height":1034,"type":"window","focus_index":0,"children":[]}]},{"tiling_direction":"horizontal","size_percentage":1,"name":"2","id":"e8ea3a04-1b76-43fe-a222-a72cec60c455","x":8,"y":38,"width":1904,"height":1034,"type":"workspace","focus_index":1,"children":[{"floating_placement":{"left":8,"top":38,"right":1912,"bottom":1072,"x":8,"y":38,"width":1904,"height":1034},"border_delta":{"left":7,"top":0,"right":7,"bottom":7},"handle":196658,"size_percentage":1,"id":"c89ade79-1312-4fa5-a626-fb9d7239b1cd","x":8,"y":38,"width":1904,"height":1034,"type":"window","focus_index":0,"children":[]}]},{"tiling_direction":"horizontal","size_percentage":1,"name":"9","id":"d21017b6-4a3c-4855-a6ac-db02c5954fe0","x":8,"y":38,"width":1904,"height":1034,"type":"workspace","focus_index":2,"children":[{"floating_placement":{"left":8,"top":38,"right":1912,"bottom":1072,"x":8,"y":38,"width":1904,"height":1034},"border_delta":{"left":7,"top":0,"right":7,"bottom":7},"handle":131812,"size_percentage":1,"id":"31fb1f98-6c18-472f-b15a-edd99aa14988","x":8,"y":38,"width":1904,"height":1034,"type":"window","focus_index":0,"children":[]}]}]}]}

